<?xml version="1.0" encoding="UTF-8"?>
<testsuite xmlns:xsi="http://www.w3.org/2001/XMLSchema-instance" xsi:noNamespaceSchemaLocation="https://maven.apache.org/surefire/maven-surefire-plugin/xsd/surefire-test-report-3.0.xsd" version="3.0" name="com.curso.libroscliente.LibrosclienteApplicationTests" time="3.921" tests="1" errors="0" skipped="0" failures="0">
  <properties>
[...]
</properties>
  <testcase name="contextLoads" classname="com.curso.libroscliente.LibrosclienteApplicationTests" time="1.72">
    <system-out><![CDATA[17:09:53.050 [main] INFO org.springframework.test.context.support.AnnotationConfigContextLoaderUtils -- Could not detect default configuration classes for test class [com.curso.libroscliente.LibrosclienteApplicationTests]: LibrosclienteApplicationTests does not declare any static, non-private, non-final, nested classes annotated with @Configuration.
17:09:53.207 [main] INFO org.springframework.boot.test.context.SpringBootTestContextBootstrapper -- Found @SpringBootConfiguration com.curso.libroscliente.LibrosclienteApplication for test class com.curso.libroscliente.LibrosclienteApplicationTests

  .   ____          _            __ _ _
 /\\ / ___'_ __ _ _(_)_ __  __ _ \ \ \ \
( ( )\___ | '_ | '_| | '_ \/ _` | \ \ \ \
 \\/  ___)| |_)| | | | | || (_| |  ) ) ) )
  '  |____| .__|_| |_|_| |_\__, | / / / /
 =========|_|==============|___/=/_/_/_/
 :: Spring Boot ::                (v3.1.4)

2023-10-02T17:09:53.653+02:00  INFO 1932 --- [           main] c.c.l.LibrosclienteApplicationTests      : Starting LibrosclienteApplicationTests using Java 20.0.2 with PID 1932 (started by 0020807 in c:\MasterJava\libroscliente)
2023-10-02T17:09:53.655+02:00  INFO 1932 --- [           main] c.c.l.LibrosclienteApplicationTests      : No active profile set, falling back to 1 default profile: "default"
2023-10-02T17:09:55.007+02:00  INFO 1932 --- [           main] c.c.l.LibrosclienteApplicationTests      : Started LibrosclienteApplicationTests in 1.64 seconds (process running for 3.071)
]]></system-out>
  </testcase>
</testsuite>